<?xml version="1.0" encoding="utf-8" standalone="no"?>
<!--This file represents the results of running a test suite-->
<test-results name="C:\localgitrepo\Calculator\Calculator.test\bin\Debug\Calculator.test.dll" total="1" errors="0" failures="1" not-run="0" inconclusive="0" ignored="0" skipped="0" invalid="0" date="2017-04-18" time="07:02:39">
  <environment nunit-version="3.5.0.0" clr-version="4.0.30319.42000" os-version="Microsoft Windows NT 6.1.7601 Service Pack 1" platform="Win32NT" cwd="C:\localgitrepo" machine-name="NOD244" user="shantilal.mali" user-domain="NWBRD" />
  <culture-info current-culture="en-US" current-uiculture="en-US" />
  <test-suite type="Assembly" name="C:\localgitrepo\Calculator\Calculator.test\bin\Debug\Calculator.test.dll" executed="True" result="Failure" success="False" time="0.124" asserts="1">
    <properties>
      <property name="_PID" value="6864" />
      <property name="_APPDOMAIN" value="domain-" />
    </properties>
    <failure>
      <message><![CDATA[One or more child tests had errors]]></message>
      <stack-trace />
    </failure>
    <results>
      <test-suite type="TestSuite" name="Calculator" executed="True" result="Failure" success="False" time="0.104" asserts="1">
        <failure>
          <message><![CDATA[One or more child tests had errors]]></message>
          <stack-trace />
        </failure>
        <results>
          <test-suite type="TestSuite" name="test" executed="True" result="Failure" success="False" time="0.093" asserts="1">
            <failure>
              <message><![CDATA[One or more child tests had errors]]></message>
              <stack-trace />
            </failure>
            <results>
              <test-suite type="TestFixture" name="UnitTest1" executed="True" result="Failure" success="False" time="0.083" asserts="1">
                <failure>
                  <message><![CDATA[One or more child tests had errors]]></message>
                  <stack-trace />
                </failure>
                <results>
                  <test-suite type="ParameterizedTest" name="AddTest" executed="True" result="Failure" success="False" time="0.067" asserts="1">
                    <failure>
                      <message><![CDATA[One or more child tests had errors]]></message>
                      <stack-trace />
                    </failure>
                    <results>
                      <test-case name="Calculator.test.UnitTest1.AddTest()" executed="True" result="Failure" success="False" time="0.046" asserts="1">
                        <failure>
                          <message><![CDATA[  Expected: 33
  But was:  30
]]></message>
                          <stack-trace><![CDATA[at Calculator.test.UnitTest1.AddTest() in C:\localgitrepo\Calculator\Calculator.test\UnitTest1.cs:line 15
]]></stack-trace>
                        </failure>
                      </test-case>
                    </results>
                  </test-suite>
                </results>
              </test-suite>
            </results>
          </test-suite>
        </results>
      </test-suite>
    </results>
  </test-suite>
</test-results>