<?xml version="1.0" encoding="utf-8" standalone="no"?>
<test-run id="2" testcasecount="0" result="Failed" label="Invalid" total="0" passed="0" failed="0" inconclusive="0" skipped="0" asserts="0" engine-version="3.6.1.0" clr-version="4.0.30319.42000" start-time="2017-04-04 12:27:02Z" end-time="2017-04-04 12:27:02Z" duration="0.510807">
  <command-line><![CDATA[nunit3-console.exe  "D:\Research\Calculator\Calculator.test\bin\Debug\calculator.test.dll"]]></command-line>
  <test-suite type="Assembly" id="0-1" name="calculator.test.dll" fullname="D:\Research\Calculator\Calculator.test\bin\Debug\calculator.test.dll" testcasecount="0" runstate="NotRunnable" result="Failed" label="Invalid">
    <properties>
      <property name="_SKIPREASON" value="File not found: D:\Research\Calculator\Calculator.test\bin\Debug\calculator.test.dll" />
    </properties>
    <reason>
      <message>File not found: D:\Research\Calculator\Calculator.test\bin\Debug\calculator.test.dll</message>
    </reason>
  </test-suite>
</test-run>